This is pdfTeX, Version 3.141592653-2.6-1.40.24 (TeX Live 2022) (preloaded format=pdflatex 2022.12.8)  12 DEC 2022 12:40
entering extended mode
 restricted \write18 enabled.
 %&-line parsing enabled.
**educmm_lab_Variant_N_M-id.tex
(./educmm_lab_Variant_N_M-id.tex
LaTeX2e <2021-11-15> patch level 1
L3 programming layer <2022-02-24>)
! Emergency stop.
<*> educmm_lab_Variant_N_M-id.tex
                                 
*** (job aborted, no legal \end found)

 
Here is how much of TeX's memory you used:
 32 strings out of 478268
 578 string characters out of 5846347
 289381 words of memory out of 5000000
 18341 multiletter control sequences out of 15000+600000
 469259 words of font info for 28 fonts, out of 8000000 for 9000
 1141 hyphenation exceptions out of 8191
 13i,0n,12p,521b,10s stack positions out of 10000i,1000n,20000p,200000b,200000s
!  ==> Fatal error occurred, no output PDF file produced!
